<?xml version="1.0" encoding="UTF-8"?>
<testsuite name="com.k24.coursegradingmanagementsystem.controller.LecturerCourseControllerTest" tests="3" skipped="0" failures="0" errors="0" timestamp="2026-06-28T09:45:13.813Z" hostname="DESKTOP-A9UBGPQ" time="2.396">
  <properties/>
  <testcase name="gradeSubmission_shouldReturn400_whenScoreIsGreaterThan100()" classname="com.k24.coursegradingmanagementsystem.controller.LecturerCourseControllerTest" time="0.102"/>
  <testcase name="gradeSubmission_shouldReturn403_whenAccessedByStudent()" classname="com.k24.coursegradingmanagementsystem.controller.LecturerCourseControllerTest" time="0.018"/>
  <testcase name="gradeSubmission_shouldReturn200_whenRequestIsValid()" classname="com.k24.coursegradingmanagementsystem.controller.LecturerCourseControllerTest" time="0.033"/>
  <system-out><![CDATA[2026-06-28T16:45:13.817+07:00  INFO 22080 --- [    Test worker] t.c.s.AnnotationConfigContextLoaderUtils : Could not detect default configuration classes for test class [com.k24.coursegradingmanagementsystem.controller.LecturerCourseControllerTest]: LecturerCourseControllerTest does not declare any static, non-private, non-final, nested classes annotated with @Configuration.
2026-06-28T16:45:13.849+07:00  INFO 22080 --- [    Test worker] .b.t.c.SpringBootTestContextBootstrapper : Found @SpringBootConfiguration com.k24.coursegradingmanagementsystem.CourseGradingManagementSystemApplication for test class com.k24.coursegradingmanagementsystem.controller.LecturerCourseControllerTest

  .   ____          _            __ _ _
 /\\ / ___'_ __ _ _(_)_ __  __ _ \ \ \ \
( ( )\___ | '_ | '_| | '_ \/ _` | \ \ \ \
 \\/  ___)| |_)| | | | | || (_| |  ) ) ) )
  '  |____| .__|_| |_|_| |_\__, | / / / /
 =========|_|==============|___/=/_/_/_/

 :: Spring Boot ::                (v3.4.2)

2026-06-28T16:45:13.964+07:00  INFO 22080 --- [    Test worker] c.k.c.c.LecturerCourseControllerTest     : Starting LecturerCourseControllerTest using Java 17.0.12 with PID 22080 (started by nhutn in D:\CourseHub)
2026-06-28T16:45:13.965+07:00  INFO 22080 --- [    Test worker] c.k.c.c.LecturerCourseControllerTest     : No active profile set, falling back to 1 default profile: "default"
2026-06-28T16:45:15.567+07:00  INFO 22080 --- [    Test worker] r$InitializeUserDetailsManagerConfigurer : Global AuthenticationManager configured with UserDetailsService bean with name com.k24.coursegradingmanagementsystem.security.CustomUserDetailsService#0
2026-06-28T16:45:15.978+07:00  INFO 22080 --- [    Test worker] o.s.b.t.m.w.SpringBootMockServletContext : Initializing Spring TestDispatcherServlet ''
2026-06-28T16:45:15.979+07:00  INFO 22080 --- [    Test worker] o.s.t.web.servlet.TestDispatcherServlet  : Initializing Servlet ''
2026-06-28T16:45:15.982+07:00  INFO 22080 --- [    Test worker] o.s.t.web.servlet.TestDispatcherServlet  : Completed initialization in 1 ms
2026-06-28T16:45:16.030+07:00  INFO 22080 --- [    Test worker] c.k.c.c.LecturerCourseControllerTest     : Started LecturerCourseControllerTest in 2.168 seconds (process running for 18.706)
]]></system-out>
  <system-err><![CDATA[]]></system-err>
</testsuite>
