<?xml version="1.0" encoding="UTF-8"?>
<testsuite name="com.k24.coursegradingmanagementsystem.controller.AuthControllerTest" tests="2" skipped="0" failures="0" errors="0" timestamp="2026-06-27T11:20:03.789Z" hostname="DESKTOP-A9UBGPQ" time="5.732">
  <properties/>
  <testcase name="login_shouldReturn200AndTokens_whenCredentialsAreValid()" classname="com.k24.coursegradingmanagementsystem.controller.AuthControllerTest" time="0.553"/>
  <testcase name="registerStudent_shouldReturn400_whenRequestIsInvalid()" classname="com.k24.coursegradingmanagementsystem.controller.AuthControllerTest" time="0.069"/>
  <system-out><![CDATA[18:20:03.966 [Test worker] INFO org.springframework.test.context.support.AnnotationConfigContextLoaderUtils -- Could not detect default configuration classes for test class [com.k24.coursegradingmanagementsystem.controller.AuthControllerTest]: AuthControllerTest does not declare any static, non-private, non-final, nested classes annotated with @Configuration.
18:20:04.152 [Test worker] INFO org.springframework.boot.test.context.SpringBootTestContextBootstrapper -- Found @SpringBootConfiguration com.k24.coursegradingmanagementsystem.CourseGradingManagementSystemApplication for test class com.k24.coursegradingmanagementsystem.controller.AuthControllerTest

  .   ____          _            __ _ _
 /\\ / ___'_ __ _ _(_)_ __  __ _ \ \ \ \
( ( )\___ | '_ | '_| | '_ \/ _` | \ \ \ \
 \\/  ___)| |_)| | | | | || (_| |  ) ) ) )
  '  |____| .__|_| |_|_| |_\__, | / / / /
 =========|_|==============|___/=/_/_/_/

 :: Spring Boot ::                (v3.4.2)

2026-06-27T18:20:04.677+07:00  INFO 10644 --- [    Test worker] c.k.c.controller.AuthControllerTest      : Starting AuthControllerTest using Java 17.0.12 with PID 10644 (started by nhutn in D:\CourseHub)
2026-06-27T18:20:04.679+07:00  INFO 10644 --- [    Test worker] c.k.c.controller.AuthControllerTest      : No active profile set, falling back to 1 default profile: "default"
2026-06-27T18:20:07.545+07:00  INFO 10644 --- [    Test worker] r$InitializeUserDetailsManagerConfigurer : Global AuthenticationManager configured with UserDetailsService bean with name com.k24.coursegradingmanagementsystem.security.CustomUserDetailsService#0
2026-06-27T18:20:08.785+07:00  INFO 10644 --- [    Test worker] o.s.b.t.m.w.SpringBootMockServletContext : Initializing Spring TestDispatcherServlet ''
2026-06-27T18:20:08.786+07:00  INFO 10644 --- [    Test worker] o.s.t.web.servlet.TestDispatcherServlet  : Initializing Servlet ''
2026-06-27T18:20:08.790+07:00  INFO 10644 --- [    Test worker] o.s.t.web.servlet.TestDispatcherServlet  : Completed initialization in 4 ms
2026-06-27T18:20:08.872+07:00  INFO 10644 --- [    Test worker] c.k.c.controller.AuthControllerTest      : Started AuthControllerTest in 4.609 seconds (process running for 5.998)
]]></system-out>
  <system-err><![CDATA[]]></system-err>
</testsuite>
