<?xml version="1.0" encoding="UTF-8"?>
<testsuite name="com.k24.coursegradingmanagementsystem.service.SubmissionServiceTest" tests="2" skipped="0" failures="0" errors="0" timestamp="2026-06-28T09:45:20.011Z" hostname="DESKTOP-A9UBGPQ" time="0.02">
  <properties/>
  <testcase name="submitAssignment_shouldThrowForbiddenException_whenStudentIsNotEnrolled()" classname="com.k24.coursegradingmanagementsystem.service.SubmissionServiceTest" time="0.011"/>
  <testcase name="submitAssignment_shouldCreateSubmission_whenStudentIsEnrolled()" classname="com.k24.coursegradingmanagementsystem.service.SubmissionServiceTest" time="0.007"/>
  <system-out><![CDATA[]]></system-out>
  <system-err><![CDATA[]]></system-err>
</testsuite>
