<?xml version="1.0" encoding="UTF-8"?>
<testsuite name="com.k24.coursegradingmanagementsystem.controller.AuthControllerTest" tests="2" skipped="0" failures="0" errors="0" timestamp="2026-06-28T09:44:58.333Z" hostname="DESKTOP-A9UBGPQ" time="15.43">
  <properties/>
  <testcase name="login_shouldReturn200AndTokens_whenCredentialsAreValid()" classname="com.k24.coursegradingmanagementsystem.controller.AuthControllerTest" time="1.344"/>
  <testcase name="registerStudent_shouldReturn400_whenRequestIsInvalid()" classname="com.k24.coursegradingmanagementsystem.controller.AuthControllerTest" time="0.227"/>
  <system-out><![CDATA[16:44:58.514 [Test worker] INFO org.springframework.test.context.support.AnnotationConfigContextLoaderUtils -- Could not detect default configuration classes for test class [com.k24.coursegradingmanagementsystem.controller.AuthControllerTest]: AuthControllerTest does not declare any static, non-private, non-final, nested classes annotated with @Configuration.
16:44:58.700 [Test worker] INFO org.springframework.boot.test.context.SpringBootTestContextBootstrapper -- Found @SpringBootConfiguration com.k24.coursegradingmanagementsystem.CourseGradingManagementSystemApplication for test class com.k24.coursegradingmanagementsystem.controller.AuthControllerTest

  .   ____          _            __ _ _
 /\\ / ___'_ __ _ _(_)_ __  __ _ \ \ \ \
( ( )\___ | '_ | '_| | '_ \/ _` | \ \ \ \
 \\/  ___)| |_)| | | | | || (_| |  ) ) ) )
  '  |____| .__|_| |_|_| |_\__, | / / / /
 =========|_|==============|___/=/_/_/_/

 :: Spring Boot ::                (v3.4.2)

2026-06-28T16:44:59.291+07:00  INFO 22080 --- [    Test worker] c.k.c.controller.AuthControllerTest      : Starting AuthControllerTest using Java 17.0.12 with PID 22080 (started by nhutn in D:\CourseHub)
2026-06-28T16:44:59.293+07:00  INFO 22080 --- [    Test worker] c.k.c.controller.AuthControllerTest      : No active profile set, falling back to 1 default profile: "default"
2026-06-28T16:45:09.821+07:00  INFO 22080 --- [    Test worker] r$InitializeUserDetailsManagerConfigurer : Global AuthenticationManager configured with UserDetailsService bean with name com.k24.coursegradingmanagementsystem.security.CustomUserDetailsService#0
2026-06-28T16:45:12.011+07:00  INFO 22080 --- [    Test worker] o.s.b.t.m.w.SpringBootMockServletContext : Initializing Spring TestDispatcherServlet ''
2026-06-28T16:45:12.015+07:00  INFO 22080 --- [    Test worker] o.s.t.web.servlet.TestDispatcherServlet  : Initializing Servlet ''
2026-06-28T16:45:12.025+07:00  INFO 22080 --- [    Test worker] o.s.t.web.servlet.TestDispatcherServlet  : Completed initialization in 6 ms
2026-06-28T16:45:12.141+07:00  INFO 22080 --- [    Test worker] c.k.c.controller.AuthControllerTest      : Started AuthControllerTest in 13.292 seconds (process running for 14.817)
]]></system-out>
  <system-err><![CDATA[]]></system-err>
</testsuite>
