<?xml version="1.0" encoding="UTF-8"?>
<testsuite name="com.k24.coursegradingmanagementsystem.service.GradeServiceTest" tests="4" skipped="0" failures="0" errors="0" timestamp="2026-06-27T11:20:11.877Z" hostname="DESKTOP-A9UBGPQ" time="0.216">
  <properties/>
  <testcase name="gradeSubmission_shouldThrowInvalidGradeException_whenScoreIsInvalid()" classname="com.k24.coursegradingmanagementsystem.service.GradeServiceTest" time="0.198"/>
  <testcase name="gradeSubmission_shouldThrowForbiddenException_whenLecturerDoesNotOwnCourse()" classname="com.k24.coursegradingmanagementsystem.service.GradeServiceTest" time="0.005"/>
  <testcase name="gradeSubmission_shouldSaveGradeAndMarkSubmissionAsGraded()" classname="com.k24.coursegradingmanagementsystem.service.GradeServiceTest" time="0.007"/>
  <testcase name="gradeSubmission_shouldThrowInvalidStateException_whenSubmissionIsPending()" classname="com.k24.coursegradingmanagementsystem.service.GradeServiceTest" time="0.005"/>
  <system-out><![CDATA[]]></system-out>
  <system-err><![CDATA[]]></system-err>
</testsuite>
