<?xml version="1.0" encoding="UTF-8"?>
<testsuite name="com.k24.coursegradingmanagementsystem.service.AuthServiceTest" tests="3" skipped="0" failures="0" errors="0" timestamp="2026-06-28T09:45:18.704Z" hostname="DESKTOP-A9UBGPQ" time="0.471">
  <properties/>
  <testcase name="registerStudent_shouldThrowConflictException_whenPhoneExists()" classname="com.k24.coursegradingmanagementsystem.service.AuthServiceTest" time="0.404"/>
  <testcase name="registerStudent_shouldCreateStudent_whenRequestIsValid()" classname="com.k24.coursegradingmanagementsystem.service.AuthServiceTest" time="0.014"/>
  <testcase name="registerStudent_shouldThrowConflictException_whenEmailExists()" classname="com.k24.coursegradingmanagementsystem.service.AuthServiceTest" time="0.05"/>
  <system-out><![CDATA[]]></system-out>
  <system-err><![CDATA[]]></system-err>
</testsuite>
