<?xml version="1.0" encoding="UTF-8"?>
<testsuite name="com.k24.coursegradingmanagementsystem.service.CourseServiceTest" tests="2" skipped="0" failures="0" errors="0" timestamp="2026-06-27T11:20:11.691Z" hostname="DESKTOP-A9UBGPQ" time="0.157">
  <properties/>
  <testcase name="deleteCourse_shouldThrowBusinessRuleException_whenActiveEnrollmentsExist()" classname="com.k24.coursegradingmanagementsystem.service.CourseServiceTest" time="0.152"/>
  <testcase name="deleteCourse_shouldDelete_whenNoActiveEnrollments()" classname="com.k24.coursegradingmanagementsystem.service.CourseServiceTest" time="0.004"/>
  <system-out><![CDATA[]]></system-out>
  <system-err><![CDATA[]]></system-err>
</testsuite>
