<?xml version="1.0" encoding="UTF-8"?>
<testsuite name="com.k24.coursegradingmanagementsystem.controller.LecturerCourseControllerTest" tests="3" skipped="0" failures="0" errors="0" timestamp="2026-06-27T11:20:09.533Z" hostname="DESKTOP-A9UBGPQ" time="1.125">
  <properties/>
  <testcase name="gradeSubmission_shouldReturn400_whenScoreIsGreaterThan100()" classname="com.k24.coursegradingmanagementsystem.controller.LecturerCourseControllerTest" time="0.089"/>
  <testcase name="gradeSubmission_shouldReturn403_whenAccessedByStudent()" classname="com.k24.coursegradingmanagementsystem.controller.LecturerCourseControllerTest" time="0.027"/>
  <testcase name="gradeSubmission_shouldReturn200_whenRequestIsValid()" classname="com.k24.coursegradingmanagementsystem.controller.LecturerCourseControllerTest" time="0.045"/>
  <system-out><![CDATA[2026-06-27T18:20:09.535+07:00  INFO 10644 --- [    Test worker] t.c.s.AnnotationConfigContextLoaderUtils : Could not detect default configuration classes for test class [com.k24.coursegradingmanagementsystem.controller.LecturerCourseControllerTest]: LecturerCourseControllerTest does not declare any static, non-private, non-final, nested classes annotated with @Configuration.
2026-06-27T18:20:09.554+07:00  INFO 10644 --- [    Test worker] .b.t.c.SpringBootTestContextBootstrapper : Found @SpringBootConfiguration com.k24.coursegradingmanagementsystem.CourseGradingManagementSystemApplication for test class com.k24.coursegradingmanagementsystem.controller.LecturerCourseControllerTest

  .   ____          _            __ _ _
 /\\ / ___'_ __ _ _(_)_ __  __ _ \ \ \ \
( ( )\___ | '_ | '_| | '_ \/ _` | \ \ \ \
 \\/  ___)| |_)| | | | | || (_| |  ) ) ) )
  '  |____| .__|_| |_|_| |_\__, | / / / /
 =========|_|==============|___/=/_/_/_/

 :: Spring Boot ::                (v3.4.2)

2026-06-27T18:20:09.597+07:00  INFO 10644 --- [    Test worker] c.k.c.c.LecturerCourseControllerTest     : Starting LecturerCourseControllerTest using Java 17.0.12 with PID 10644 (started by nhutn in D:\CourseHub)
2026-06-27T18:20:09.598+07:00  INFO 10644 --- [    Test worker] c.k.c.c.LecturerCourseControllerTest     : No active profile set, falling back to 1 default profile: "default"
2026-06-27T18:20:10.196+07:00  INFO 10644 --- [    Test worker] r$InitializeUserDetailsManagerConfigurer : Global AuthenticationManager configured with UserDetailsService bean with name com.k24.coursegradingmanagementsystem.security.CustomUserDetailsService#0
2026-06-27T18:20:10.458+07:00  INFO 10644 --- [    Test worker] o.s.b.t.m.w.SpringBootMockServletContext : Initializing Spring TestDispatcherServlet ''
2026-06-27T18:20:10.458+07:00  INFO 10644 --- [    Test worker] o.s.t.web.servlet.TestDispatcherServlet  : Initializing Servlet ''
2026-06-27T18:20:10.460+07:00  INFO 10644 --- [    Test worker] o.s.t.web.servlet.TestDispatcherServlet  : Completed initialization in 2 ms
2026-06-27T18:20:10.478+07:00  INFO 10644 --- [    Test worker] c.k.c.c.LecturerCourseControllerTest     : Started LecturerCourseControllerTest in 0.917 seconds (process running for 7.604)
]]></system-out>
  <system-err><![CDATA[]]></system-err>
</testsuite>
